2024-02-23 17:15:31 [ERROR] 400: Invalid username or password
2024-02-23 17:17:31 [ERROR] 400: Invalid username or password
2024-02-23 17:17:49 [ERROR] 400: Invalid username or password
2024-02-23 17:26:32 [ERROR] 1 validation error for BaseResponse
result
  Input should be a valid string [type=string_type, input_value=[{'scan_id': '884a7a2c-38..., 33489, 63342, 64120]}], input_type=list]
    For further information visit https://errors.pydantic.dev/2.5/v/string_type
2024-02-23 17:27:10 [ERROR] 1 validation error for BaseResponse
result
  Input should be a valid string [type=string_type, input_value={'scans': [{'scan_id': '8... 33489, 63342, 64120]}]}, input_type=dict]
    For further information visit https://errors.pydantic.dev/2.5/v/string_type
2024-02-23 17:30:49 [ERROR] Object of type BaseResponse is not JSON serializable
2024-02-23 17:31:02 [ERROR] the JSON object must be str, bytes or bytearray, not dict
2024-02-23 17:31:11 [ERROR] the JSON object must be str, bytes or bytearray, not BaseResponse
2024-02-23 17:32:16 [ERROR] 1 validation error for BaseResponse
result
  Input should be a valid string [type=string_type, input_value={'scans': [{'scan_id': '8... 33489, 63342, 64120]}]}, input_type=dict]
    For further information visit https://errors.pydantic.dev/2.5/v/string_type
2024-02-23 17:34:56 [ERROR] 1 validation error for BaseResponseScan
result
  Input should be a valid dictionary [type=dict_type, input_value='{"scans": [{"scan_id": "...33489, 63342, 64120]}]}', input_type=str]
    For further information visit https://errors.pydantic.dev/2.5/v/dict_type
