2024-02-21 14:18:29 [ERROR] (psycopg2.OperationalError) could not translate host name "postgres" to address: Name or service not known

(Background on this error at: https://sqlalche.me/e/20/e3q8)
2024-02-21 14:19:21 [ERROR] (psycopg2.OperationalError) could not translate host name "postgres" to address: Name or service not known

(Background on this error at: https://sqlalche.me/e/20/e3q8)
2024-02-21 14:21:30 [ERROR] (psycopg2.OperationalError) connection to server at "127.0.0.1", port 5432 failed: Connection refused
	Is the server running on that host and accepting TCP/IP connections?

(Background on this error at: https://sqlalche.me/e/20/e3q8)
2024-02-21 14:21:40 [ERROR] (psycopg2.OperationalError) connection to server at "127.0.0.1", port 5432 failed: Connection refused
	Is the server running on that host and accepting TCP/IP connections?

(Background on this error at: https://sqlalche.me/e/20/e3q8)
2024-02-21 14:21:43 [ERROR] (psycopg2.OperationalError) connection to server at "127.0.0.1", port 5432 failed: Connection refused
	Is the server running on that host and accepting TCP/IP connections?

(Background on this error at: https://sqlalche.me/e/20/e3q8)
2024-02-21 14:25:38 [ERROR] Error -2 connecting to redis:6379. Name or service not known.
2024-02-21 14:25:49 [ERROR] Error -2 connecting to redis:6379. Name or service not known.
2024-02-21 14:26:05 [ERROR] Error -2 connecting to redis:6379. Name or service not known.
2024-02-21 15:13:14 [ERROR] (psycopg2.OperationalError) server closed the connection unexpectedly
	This probably means the server terminated abnormally
	before or while processing the request.

[SQL: SELECT users.id AS users_id, users.uuid AS users_uuid, users.username AS users_username, users.email AS users_email, users.password AS users_password, users.created AS users_created 
FROM users 
WHERE users.username = %(username_1)s 
 LIMIT %(param_1)s]
[parameters: {'username_1': 'string', 'param_1': 1}]
(Background on this error at: https://sqlalche.me/e/20/e3q8)
